<?xml version="1.0" encoding="UTF-8"?>
<testng-results skipped="0" failed="0" ignored="0" total="1" passed="1">
  <reporter-output>
  </reporter-output>
  <suite name="Default suite" duration-ms="17190" started-at="2022-02-18T12:28:56Z" finished-at="2022-02-18T12:29:13Z">
    <groups>
    </groups>
    <test name="Default test" duration-ms="17190" started-at="2022-02-18T12:28:56Z" finished-at="2022-02-18T12:29:13Z">
      <class name="loginTest.LoginFunc">
        <test-method status="PASS" signature="SetUp()[pri:0, instance:loginTest.LoginFunc@482f8f11]" name="SetUp" is-config="true" duration-ms="6676" started-at="2022-02-18T12:28:56Z" finished-at="2022-02-18T12:29:03Z">
          <reporter-output>
          </reporter-output>
        </test-method> <!-- SetUp -->
        <test-method status="PASS" signature="LogInUser()[pri:0, instance:loginTest.LoginFunc@482f8f11]" name="LogInUser" duration-ms="9496" started-at="2022-02-18T12:29:03Z" finished-at="2022-02-18T12:29:12Z">
          <reporter-output>
          </reporter-output>
        </test-method> <!-- LogInUser -->
        <test-method status="PASS" signature="TearDown()[pri:0, instance:loginTest.LoginFunc@482f8f11]" name="TearDown" is-config="true" duration-ms="979" started-at="2022-02-18T12:29:12Z" finished-at="2022-02-18T12:29:13Z">
          <reporter-output>
          </reporter-output>
        </test-method> <!-- TearDown -->
      </class> <!-- loginTest.LoginFunc -->
    </test> <!-- Default test -->
  </suite> <!-- Default suite -->
</testng-results>
